  [1m[35m (0.2ms)[0m  [1m[34mSELECT sqlite_version(*)[0m
  ↳ /home/penguino/.rbenv/versions/2.3.1/bin/rake:23
  [1m[35m (9.5ms)[0m  [1m[35mCREATE TABLE "schema_migrations" ("version" varchar NOT NULL PRIMARY KEY)[0m
  ↳ /home/penguino/.rbenv/versions/2.3.1/bin/rake:23
  [1m[35m (6.4ms)[0m  [1m[35mCREATE TABLE "ar_internal_metadata" ("key" varchar NOT NULL PRIMARY KEY, "value" varchar, "created_at" datetime NOT NULL, "updated_at" datetime NOT NULL)[0m
  ↳ /home/penguino/.rbenv/versions/2.3.1/bin/rake:23
  [1m[35m (0.2ms)[0m  [1m[34mSELECT "schema_migrations"."version" FROM "schema_migrations" ORDER BY "schema_migrations"."version" ASC[0m
  ↳ /home/penguino/.rbenv/versions/2.3.1/bin/rake:23
Migrating to CreateWorkouts (20180424222209)
  [1m[35m (0.1ms)[0m  [1m[36mbegin transaction[0m
  ↳ /home/penguino/.rbenv/versions/2.3.1/bin/rake:23
  [1m[35m (0.6ms)[0m  [1m[35mCREATE TABLE "workouts" ("id" integer PRIMARY KEY AUTOINCREMENT NOT NULL, "name" varchar, "muscle_group" varchar, "equipment" varchar, "time_length" integer, "date" date, "reps" integer, "sets" integer, "created_at" datetime NOT NULL, "updated_at" datetime NOT NULL)[0m
  ↳ db/migrate/20180424222209_create_workouts.rb:3
  [1m[36mActiveRecord::SchemaMigration Create (0.3ms)[0m  [1m[32mINSERT INTO "schema_migrations" ("version") VALUES (?)[0m  [["version", "20180424222209"]]
  ↳ /home/penguino/.rbenv/versions/2.3.1/bin/rake:23
  [1m[35m (32.2ms)[0m  [1m[36mcommit transaction[0m
  ↳ /home/penguino/.rbenv/versions/2.3.1/bin/rake:23
Migrating to CreatePlans (20180424222355)
  [1m[35m (0.1ms)[0m  [1m[36mbegin transaction[0m
  ↳ /home/penguino/.rbenv/versions/2.3.1/bin/rake:23
  [1m[35m (39.4ms)[0m  [1m[35mCREATE TABLE "plans" ("id" integer PRIMARY KEY AUTOINCREMENT NOT NULL, "time_per_workout" integer, "equipment_needed" varchar, "goal" varchar, "created_at" datetime NOT NULL, "updated_at" datetime NOT NULL)[0m
  ↳ db/migrate/20180424222355_create_plans.rb:3
  [1m[36mActiveRecord::SchemaMigration Create (0.3ms)[0m  [1m[32mINSERT INTO "schema_migrations" ("version") VALUES (?)[0m  [["version", "20180424222355"]]
  ↳ /home/penguino/.rbenv/versions/2.3.1/bin/rake:23
  [1m[35m (37.5ms)[0m  [1m[36mcommit transaction[0m
  ↳ /home/penguino/.rbenv/versions/2.3.1/bin/rake:23
Migrating to CreateUsers (20180424222625)
  [1m[35m (0.1ms)[0m  [1m[36mbegin transaction[0m
  ↳ /home/penguino/.rbenv/versions/2.3.1/bin/rake:23
  [1m[35m (1.7ms)[0m  [1m[35mCREATE TABLE "users" ("id" integer PRIMARY KEY AUTOINCREMENT NOT NULL, "name" varchar, "password_digest" varchar, "created_at" datetime NOT NULL, "updated_at" datetime NOT NULL)[0m
  ↳ db/migrate/20180424222625_create_users.rb:3
  [1m[36mActiveRecord::SchemaMigration Create (0.3ms)[0m  [1m[32mINSERT INTO "schema_migrations" ("version") VALUES (?)[0m  [["version", "20180424222625"]]
  ↳ /home/penguino/.rbenv/versions/2.3.1/bin/rake:23
  [1m[35m (7.7ms)[0m  [1m[36mcommit transaction[0m
  ↳ /home/penguino/.rbenv/versions/2.3.1/bin/rake:23
  [1m[36mActiveRecord::InternalMetadata Load (0.4ms)[0m  [1m[34mSELECT  "ar_internal_metadata".* FROM "ar_internal_metadata" WHERE "ar_internal_metadata"."key" = ? LIMIT ?[0m  [["key", "environment"], ["LIMIT", 1]]
  ↳ /home/penguino/.rbenv/versions/2.3.1/bin/rake:23
  [1m[35m (0.1ms)[0m  [1m[36mbegin transaction[0m
  ↳ /home/penguino/.rbenv/versions/2.3.1/bin/rake:23
  [1m[36mActiveRecord::InternalMetadata Create (1.0ms)[0m  [1m[32mINSERT INTO "ar_internal_metadata" ("key", "value", "created_at", "updated_at") VALUES (?, ?, ?, ?)[0m  [["key", "environment"], ["value", "development"], ["created_at", "2018-04-24 22:26:43.022022"], ["updated_at", "2018-04-24 22:26:43.022022"]]
  ↳ /home/penguino/.rbenv/versions/2.3.1/bin/rake:23
  [1m[35m (24.9ms)[0m  [1m[36mcommit transaction[0m
  ↳ /home/penguino/.rbenv/versions/2.3.1/bin/rake:23
  [1m[35m (0.3ms)[0m  [1m[34mSELECT "schema_migrations"."version" FROM "schema_migrations" ORDER BY "schema_migrations"."version" ASC[0m
  ↳ /home/penguino/.rbenv/versions/2.3.1/bin/rake:23
